\BOOKMARK [1][-]{section*.1}{\376\377\000A\000b\000s\000t\000r\000a\000c\000t}{}% 1
\BOOKMARK [1][-]{section*.2}{\376\377\000T\000a\000l\000k\000,\000\040\000Y\000o\000u\000'\000r\000e\000\040\000O\000n\000\040\000C\000a\000m\000e\000r\000a\000!\000\040\000O\000r\000,\000\040\000C\000o\000m\000p\000a\000r\000i\000n\000g\000\040\000N\000a\000t\000u\000r\000a\000l\000i\000s\000t\000i\000c\000\040\000A\000u\000d\000i\000o\000\040\000a\000n\000d\000\040\000V\000i\000d\000e\000o\000\040\000R\000e\000c\000o\000r\000d\000i\000n\000g\000s\000\040\000o\000f\000\040\000I\000n\000f\000a\000n\000t\000s}{}% 2
\BOOKMARK [1][-]{section*.3}{\376\377\000I\000n\000t\000r\000o\000d\000u\000c\000t\000i\000o\000n}{}% 3
\BOOKMARK [1][-]{section*.4}{\376\377\000M\000e\000t\000h\000o\000d\000s}{}% 4
\BOOKMARK [2][-]{section*.5}{\376\377\000P\000a\000r\000t\000i\000c\000i\000p\000a\000n\000t\000s}{section*.4}% 5
\BOOKMARK [2][-]{section*.6}{\376\377\000P\000r\000o\000c\000e\000d\000u\000r\000e\000s}{section*.4}% 6
\BOOKMARK [2][-]{section*.7}{\376\377\000V\000i\000d\000e\000o\000-\000R\000e\000c\000o\000r\000d\000i\000n\000g\000s}{section*.4}% 7
\BOOKMARK [2][-]{section*.8}{\376\377\000A\000u\000d\000i\000o\000-\000R\000e\000c\000o\000r\000d\000i\000n\000g\000s}{section*.4}% 8
\BOOKMARK [2][-]{section*.9}{\376\377\000D\000a\000t\000a\000\040\000P\000r\000o\000c\000e\000s\000s\000i\000n\000g}{section*.4}% 9
\BOOKMARK [2][-]{section*.10}{\376\377\000L\000a\000n\000g\000u\000a\000g\000e\000\040\000A\000n\000n\000o\000t\000a\000t\000i\000o\000n}{section*.4}% 10
\BOOKMARK [1][-]{section*.11}{\376\377\000R\000e\000s\000u\000l\000t\000s}{}% 11
\BOOKMARK [2][-]{section*.12}{\376\377\000A\000n\000a\000l\000y\000s\000i\000s\000\040\000P\000l\000a\000n}{section*.11}% 12
\BOOKMARK [2][-]{section*.13}{\376\377\000C\000o\000u\000n\000t\000\040\000M\000e\000a\000s\000u\000r\000e\000s\000,\000\040\000M\000o\000n\000t\000h\000\040\0006\000\040\000v\000s\000.\000\040\0007}{section*.11}% 13
\BOOKMARK [2][-]{section*.16}{\376\377\000C\000o\000u\000n\000t\000\040\000M\000e\000a\000s\000u\000r\000e\000s\000,\000\040\000A\000u\000d\000i\000o\000-\000\040\000v\000s\000.\000\040\000V\000i\000d\000e\000o\000-\000r\000e\000c\000o\000r\000d\000i\000n\000g\000s}{section*.11}% 14
\BOOKMARK [2][-]{section*.25}{\376\377\000P\000r\000o\000p\000o\000r\000t\000i\000o\000n\000\040\000M\000e\000a\000s\000u\000r\000e\000s\000,\000\040\000M\000o\000n\000t\000h\000\040\0006\000\040\000v\000s\000.\000\040\0007\000.}{section*.11}% 15
\BOOKMARK [2][-]{section*.28}{\376\377\000P\000r\000o\000p\000o\000r\000t\000i\000o\000n\000\040\000M\000e\000a\000s\000u\000r\000e\000s\000,\000\040\000A\000u\000d\000i\000o\000-\000\040\000v\000s\000.\000\040\000V\000i\000d\000e\000o\000-\000r\000e\000c\000o\000r\000d\000i\000n\000g\000s}{section*.11}% 16
\BOOKMARK [1][-]{section*.30}{\376\377\000N\000o\000u\000n\000\040\000F\000r\000e\000q\000u\000e\000n\000c\000y\000\040\000a\000n\000d\000\040\000P\000r\000e\000v\000a\000l\000e\000n\000c\000e}{}% 17
\BOOKMARK [1][-]{section*.37}{\376\377\000D\000i\000s\000c\000u\000s\000s\000i\000o\000n}{}% 18
\BOOKMARK [2][-]{section*.38}{\376\377\000I\000n\000p\000u\000t\000\040\000S\000t\000a\000b\000i\000l\000i\000t\000y}{section*.37}% 19
\BOOKMARK [2][-]{section*.39}{\376\377\000E\000x\000t\000r\000a\000p\000o\000l\000a\000t\000i\000v\000e\000\040\000V\000a\000l\000i\000d\000i\000t\000y}{section*.37}% 20
